<?xml version="1.0" encoding="utf-8"?><testsuites name="pytest tests"><testsuite name="pytest" errors="0" failures="0" skipped="0" tests="75" time="1.331" timestamp="2026-07-08T16:21:02.747363+00:00" hostname="agent-env-82807e2c-ac62-4f76-afc0-de2261216a55"><testcase classname="tests.test_cache_invalidation" name="test_get_or_create_garanhao_invalida_cache_quando_cria" time="0.023" /><testcase classname="tests.test_cache_invalidation" name="test_get_or_create_garanhao_nao_invalida_quando_ja_existe" time="0.003" /><testcase classname="tests.test_cache_invalidation" name="test_registar_inseminacao_completa_invalida_cache" time="0.025" /><testcase classname="tests.test_cache_invalidation" name="test_registar_resultado_invalida_cache" time="0.016" /><testcase classname="tests.test_cache_invalidation" name="test_invalidate_data_cache_e_no_op_fora_streamlit" time="0.001" /><testcase classname="tests.test_dashboard_pedido6" name="test_dashboard_page_e_read_only" time="0.009" /><testcase classname="tests.test_dashboard_pedido6" name="test_dashboard_repo_e_read_only" time="0.001" /><testcase classname="tests.test_dashboard_pedido6" name="test_reverter_operacao_transfer_interna_devolve_palhetas" time="0.031" /><testcase classname="tests.test_dashboard_pedido6" name="test_reverter_operacao_insemination_devolve_stock" time="0.014" /><testcase classname="tests.test_dashboard_pedido6" name="test_reverter_operacao_valida_tipo" time="0.000" /><testcase classname="tests.test_dashboard_pedido6" name="test_kpis_clinicos_estadias_ativas_bate_com_fonte" time="0.001" /><testcase classname="tests.test_dashboard_pedido6" name="test_kpis_clinicos_tarefas_hoje_bate_com_trabalho_diario" time="0.001" /><testcase classname="tests.test_dashboard_pedido6" name="test_atividade_recente_agrupa_por_operation_id" time="0.014" /><testcase classname="tests.test_dashboard_pedido6" name="test_kpi_insem_mes_conta_operacoes_e_nao_linhas" time="0.014" /><testcase classname="tests.test_dashboard_pedido6" name="test_kpis_stock_retorna_chaves_esperadas" time="0.001" /><testcase classname="tests.test_dashboard_pedido6" name="test_stock_atencao_usa_fk_garanhao_nome" time="0.010" /><testcase classname="tests.test_dashboard_pedido6" name="test_tarefas_hoje_traz_apenas_hoje_nao_concluidas" time="0.006" /><testcase classname="tests.test_estadias_constraint" name="test_criar_estadia_apenas_valida_estadia_aberta" time="0.040" /><testcase classname="tests.test_estadias_constraint" name="test_constraint_bd_rejeita_segunda_estadia_aberta" time="0.007" /><testcase classname="tests.test_insemination_repo" name="test_get_or_create_garanhao_normaliza_acentos_e_espacos" time="0.017" /><testcase classname="tests.test_insemination_repo" name="test_listar_eguas_so_devolve_com_estadia_ativa" time="0.015" /><testcase classname="tests.test_insemination_repo" name="test_registar_inseminacao_completa_fks_datas_stock" time="0.015" /><testcase classname="tests.test_insemination_repo" name="test_menu_e_ficha_produzem_mesmo_resultado" time="0.019" /><testcase classname="tests.test_insemination_repo" name="test_stock_insuficiente_falha_e_faz_rollback" time="0.013" /><testcase classname="tests.test_insemination_repo" name="test_upsert_acompanhamento_datas_partilhado" time="0.012" /><testcase classname="tests.test_insemination_repo" name="test_tarefa_d1_criada_por_defeito" time="0.013" /><testcase classname="tests.test_insemination_repo" name="test_tarefa_d1_pode_ser_desativada" time="0.013" /><testcase classname="tests.test_insemination_repo" name="test_tarefa_d1_idempotente" time="0.016" /><testcase classname="tests.test_insemination_repo" name="test_listagens_agrupam_por_operation_id" time="0.016" /><testcase classname="tests.test_insemination_repo" name="test_registo_canonicaliza_para_estadia_ativa" time="0.019" /><testcase classname="tests.test_insemination_repo" name="test_migration_029_rejeita_segunda_estadia_aberta" time="0.006" /><testcase classname="tests.test_insemination_repo" name="test_registo_falha_se_egua_nao_tem_estadia_ativa" time="0.009" /><testcase classname="tests.test_modal_animal" name="test_criar_garanhao_gera_fk_correcto_em_estadias" time="0.014" /><testcase classname="tests.test_modal_animal" name="test_fk_estadias_animal_id_impede_orfao" time="0.001" /><testcase classname="tests.test_modal_animal" name="test_indice_unico_impede_duplicados_nome_tipo" time="0.005" /><testcase classname="tests.test_modal_animal" name="test_indice_unico_permite_mesmo_nome_tipos_diferentes" time="0.004" /><testcase classname="tests.test_modal_animal" name="test_carregar_stock_garanhao_usa_fk_animal_id" time="0.009" /><testcase classname="tests.test_navegacao_pedido7" name="test_menu_lateral_tem_seis_itens_sem_emoji" time="0.009" /><testcase classname="tests.test_navegacao_pedido7" name="test_mapeamento_13_para_6_esta_completo" time="0.001" /><testcase classname="tests.test_navegacao_pedido7" name="test_carregar_garanhoes_com_stock_devolve_garanhao_com_lote" time="0.026" /><testcase classname="tests.test_navegacao_pedido7" name="test_carregar_garanhoes_com_stock_exclui_lotes_zerados" time="0.004" /><testcase classname="tests.test_navegacao_pedido7" name="test_estadias_page_seta_insem_flow_active" time="0.000" /><testcase classname="tests.test_navegacao_pedido7" name="test_animal_page_seta_insem_flow_active" time="0.001" /><testcase classname="tests.test_navegacao_pedido7" name="test_trabalho_diario_pivota_para_form_de_inseminacao_com_flag" time="0.000" /><testcase classname="tests.test_navegacao_pedido7" name="test_insemination_page_limpa_insem_flow_active_no_fim" time="0.000" /><testcase classname="tests.test_navegacao_pedido7" name="test_definicoes_page_filtra_utilizadores_por_admin" time="0.000" /><testcase classname="tests.test_navegacao_pedido7" name="test_stock_semen_tem_4_separadores_e_2_botoes_topo" time="0.000" /><testcase classname="tests.test_navegacao_pedido7" name="test_stock_semen_page_delegates_para_paginas_existentes" time="0.000" /><testcase classname="tests.test_partos_previstos" name="test_widget_mostra_egua_com_gestacao_confirmada" time="0.015" /><testcase classname="tests.test_partos_previstos" name="test_widget_exclui_gestacao_falhada" time="0.003" /><testcase classname="tests.test_partos_previstos" name="test_widget_exclui_gestacao_sem_resultado" time="0.003" /><testcase classname="tests.test_partos_previstos" name="test_widget_exclui_estadia_encerrada" time="0.004" /><testcase classname="tests.test_partos_previstos" name="test_widget_exclui_partos_fora_da_janela" time="0.004" /><testcase classname="tests.test_partos_previstos" name="test_widget_inclui_parto_no_limite_da_janela" time="0.003" /><testcase classname="tests.test_partos_previstos" name="test_widget_ordenacao_do_mais_proximo_para_o_mais_distante" time="0.006" /><testcase classname="tests.test_partos_previstos" name="test_widget_parto_no_passado_nao_aparece" time="0.003" /><testcase classname="tests.test_partos_previstos" name="test_widget_devolve_colunas_esperadas" time="0.003" /><testcase classname="tests.test_resultado_ciclo" name="test_positivo_d14_cria_d28_e_d45_e_marca_gestacao" time="0.050" /><testcase classname="tests.test_resultado_ciclo" name="test_positivo_d14_idempotente_nao_duplica_tarefas" time="0.019" /><testcase classname="tests.test_resultado_ciclo" name="test_negativo_d14_marca_falhou_e_nao_cria_futuras" time="0.017" /><testcase classname="tests.test_resultado_ciclo" name="test_negativo_d28_perde_gestacao_e_cancela_d45" time="0.019" /><testcase classname="tests.test_resultado_ciclo" name="test_menu_e_ficha_registam_resultado_identico" time="0.025" /><testcase classname="tests.test_resultado_ciclo" name="test_multi_lote_partilha_resultado_e_data" time="0.015" /><testcase classname="tests.test_resultado_ciclo" name="test_find_operation_por_tarefa" time="0.013" /><testcase classname="tests.test_resultado_ciclo" name="test_resultado_invalido_erra" time="0.014" /><testcase classname="tests.test_resultado_ciclo" name="test_positivo_d45_cria_pre_parto_e_parto_previsto" time="0.017" /><testcase classname="tests.test_resultado_ciclo" name="test_pre_parto_idempotente_em_d45" time="0.021" /><testcase classname="tests.test_resultado_ciclo" name="test_negativo_apaga_tambem_pre_parto" time="0.028" /><testcase classname="tests.test_stock_fk_garanhao" name="test_carregar_stock_devolve_garanhao_nome_via_fk" time="0.020" /><testcase classname="tests.test_stock_fk_garanhao" name="test_rename_animal_reflete_em_stock_sem_tocar_estoque_dono" time="0.012" /><testcase classname="tests.test_stock_fk_garanhao" name="test_carregar_transferencias_resolve_garanhao_via_fk" time="0.005" /><testcase classname="tests.test_stock_fk_garanhao" name="test_obter_stock_contentor_resolve_garanhao_via_fk" time="0.006" /><testcase classname="tests.test_stock_fk_garanhao" name="test_filter_stock_view_prefere_garanhao_nome" time="0.001" /><testcase classname="tests.test_stock_fk_garanhao" name="test_filter_stock_view_fallback_garanhao_legado" time="0.001" /><testcase classname="tests.test_stock_fk_garanhao" name="test_grep_final_no_leituras_da_coluna_texto" time="0.010" /></testsuite></testsuites>