<?xml version="1.0" encoding="utf-8"?><testsuites name="pytest tests"><testsuite name="pytest" errors="0" failures="0" skipped="0" tests="17" time="0.578" timestamp="2026-07-08T08:36:46.255481+00:00" hostname="agent-env-82807e2c-ac62-4f76-afc0-de2261216a55"><testcase classname="tests.test_insemination_repo" name="test_get_or_create_garanhao_normaliza_acentos_e_espacos" time="0.026" /><testcase classname="tests.test_insemination_repo" name="test_listar_eguas_so_devolve_com_estadia_ativa" time="0.010" /><testcase classname="tests.test_insemination_repo" name="test_registar_inseminacao_completa_fks_datas_stock" time="0.012" /><testcase classname="tests.test_insemination_repo" name="test_menu_e_ficha_produzem_mesmo_resultado" time="0.013" /><testcase classname="tests.test_insemination_repo" name="test_stock_insuficiente_falha_e_faz_rollback" time="0.008" /><testcase classname="tests.test_insemination_repo" name="test_upsert_acompanhamento_datas_partilhado" time="0.007" /><testcase classname="tests.test_insemination_repo" name="test_tarefa_d1_criada_por_defeito" time="0.009" /><testcase classname="tests.test_insemination_repo" name="test_tarefa_d1_pode_ser_desativada" time="0.009" /><testcase classname="tests.test_insemination_repo" name="test_tarefa_d1_idempotente" time="0.010" /><testcase classname="tests.test_insemination_repo" name="test_listagens_agrupam_por_operation_id" time="0.016" /><testcase classname="tests.test_insemination_repo" name="test_registo_reusa_estadia_ativa_e_nao_duplica_palhetas" time="0.013" /><testcase classname="tests.test_insemination_repo" name="test_registo_falha_se_egua_nao_tem_estadia_ativa" time="0.005" /><testcase classname="tests.test_modal_animal" name="test_criar_garanhao_gera_fk_correcto_em_estadias" time="0.012" /><testcase classname="tests.test_modal_animal" name="test_fk_estadias_animal_id_impede_orfao" time="0.001" /><testcase classname="tests.test_modal_animal" name="test_indice_unico_impede_duplicados_nome_tipo" time="0.004" /><testcase classname="tests.test_modal_animal" name="test_indice_unico_permite_mesmo_nome_tipos_diferentes" time="0.003" /><testcase classname="tests.test_modal_animal" name="test_carregar_stock_garanhao_usa_fk_animal_id" time="0.007" /></testsuite></testsuites>