<?xml version="1.0" encoding="utf-8"?><testsuites name="pytest tests"><testsuite name="pytest" errors="0" failures="0" skipped="0" tests="25" time="0.702" timestamp="2026-07-08T08:51:43.860890+00:00" hostname="agent-env-82807e2c-ac62-4f76-afc0-de2261216a55"><testcase classname="tests.test_insemination_repo" name="test_get_or_create_garanhao_normaliza_acentos_e_espacos" time="0.025" /><testcase classname="tests.test_insemination_repo" name="test_listar_eguas_so_devolve_com_estadia_ativa" time="0.010" /><testcase classname="tests.test_insemination_repo" name="test_registar_inseminacao_completa_fks_datas_stock" time="0.012" /><testcase classname="tests.test_insemination_repo" name="test_menu_e_ficha_produzem_mesmo_resultado" time="0.012" /><testcase classname="tests.test_insemination_repo" name="test_stock_insuficiente_falha_e_faz_rollback" time="0.007" /><testcase classname="tests.test_insemination_repo" name="test_upsert_acompanhamento_datas_partilhado" time="0.006" /><testcase classname="tests.test_insemination_repo" name="test_tarefa_d1_criada_por_defeito" time="0.009" /><testcase classname="tests.test_insemination_repo" name="test_tarefa_d1_pode_ser_desativada" time="0.009" /><testcase classname="tests.test_insemination_repo" name="test_tarefa_d1_idempotente" time="0.011" /><testcase classname="tests.test_insemination_repo" name="test_listagens_agrupam_por_operation_id" time="0.015" /><testcase classname="tests.test_insemination_repo" name="test_registo_reusa_estadia_ativa_e_nao_duplica_palhetas" time="0.013" /><testcase classname="tests.test_insemination_repo" name="test_registo_falha_se_egua_nao_tem_estadia_ativa" time="0.006" /><testcase classname="tests.test_modal_animal" name="test_criar_garanhao_gera_fk_correcto_em_estadias" time="0.013" /><testcase classname="tests.test_modal_animal" name="test_fk_estadias_animal_id_impede_orfao" time="0.001" /><testcase classname="tests.test_modal_animal" name="test_indice_unico_impede_duplicados_nome_tipo" time="0.003" /><testcase classname="tests.test_modal_animal" name="test_indice_unico_permite_mesmo_nome_tipos_diferentes" time="0.003" /><testcase classname="tests.test_modal_animal" name="test_carregar_stock_garanhao_usa_fk_animal_id" time="0.007" /><testcase classname="tests.test_resultado_ciclo" name="test_positivo_d14_cria_d28_e_d45_e_marca_gestacao" time="0.041" /><testcase classname="tests.test_resultado_ciclo" name="test_positivo_d14_idempotente_nao_duplica_tarefas" time="0.012" /><testcase classname="tests.test_resultado_ciclo" name="test_negativo_d14_marca_falhou_e_nao_cria_futuras" time="0.012" /><testcase classname="tests.test_resultado_ciclo" name="test_negativo_d28_perde_gestacao_e_cancela_d45" time="0.012" /><testcase classname="tests.test_resultado_ciclo" name="test_menu_e_ficha_registam_resultado_identico" time="0.012" /><testcase classname="tests.test_resultado_ciclo" name="test_multi_lote_partilha_resultado_e_data" time="0.010" /><testcase classname="tests.test_resultado_ciclo" name="test_find_operation_por_tarefa" time="0.009" /><testcase classname="tests.test_resultado_ciclo" name="test_resultado_invalido_erra" time="0.009" /></testsuite></testsuites>